<?xml version="1.0" encoding="UTF-8"?>
<!-- Generated by org.testng.reporters.JUnitReportReporter -->
<testsuite skipped="0" hostname="LAPTOP-8L1T391C" name="apiTestingPackage.basicsDemoApi" tests="1" failures="0" timestamp="08 Sep 2019 03:53:04 GMT" time="10.515" errors="0">
  <testcase name="testOne" time="10.515" classname="apiTestingPackage.basicsDemoApi"/>
</testsuite> <!-- apiTestingPackage.basicsDemoApi -->
