<?xml version="1.0" encoding="UTF-8"?>
<!-- Generated by org.testng.reporters.JUnitReportReporter -->
<testsuite skipped="0" hostname="LAPTOP-8L1T391C" name="apiTestingPackage.basicsDemoTwo" tests="1" failures="0" timestamp="01 Sep 2019 10:58:58 GMT" time="5.027" errors="0">
  <testcase name="postData" time="5.027" classname="apiTestingPackage.basicsDemoTwo"/>
</testsuite> <!-- apiTestingPackage.basicsDemoTwo -->
