<?xml version="1.0" encoding="UTF-8"?>
<!-- Generated by org.testng.reporters.JUnitReportReporter -->
<testsuite skipped="0" hostname="LAPTOP-8L1T391C" name="apiTestingPackage.basicDemoThree" tests="1" failures="0" timestamp="17 Aug 2019 07:17:17 GMT" time="5.727" errors="0">
  <testcase name="addAndDelete" time="5.727" classname="apiTestingPackage.basicDemoThree"/>
</testsuite> <!-- apiTestingPackage.basicDemoThree -->
