<?xml version="1.0" encoding="UTF-8"?>
<!-- Generated by org.testng.reporters.JUnitReportReporter -->
<testsuite skipped="0" hostname="LAPTOP-8L1T391C" name="apiTestingPackage.basicsDemoTwo" tests="1" failures="0" timestamp="17 Aug 2019 06:03:25 GMT" time="5.893" errors="0">
  <testcase name="postData" time="5.893" classname="apiTestingPackage.basicsDemoTwo"/>
</testsuite> <!-- apiTestingPackage.basicsDemoTwo -->
