<?xml version="1.0" encoding="UTF-8"?>
<!-- Generated by org.testng.reporters.JUnitReportReporter -->
<testsuite skipped="0" hostname="LAPTOP-8L1T391C" name="apiTestingPackage.basicsDemoTwo" tests="1" failures="0" timestamp="27 Aug 2019 17:33:42 GMT" time="13.118" errors="0">
  <testcase name="postData" time="13.118" classname="apiTestingPackage.basicsDemoTwo"/>
</testsuite> <!-- apiTestingPackage.basicsDemoTwo -->
