<?xml version="1.0" encoding="UTF-8"?>
<!-- Generated by org.testng.reporters.JUnitReportReporter -->
<testsuite skipped="0" hostname="LAPTOP-8L1T391C" name="apiTestingPackage.basicDemoFourXML" tests="1" failures="0" timestamp="01 Sep 2019 11:04:56 GMT" time="4.253" errors="0">
  <testcase name="postData" time="4.253" classname="apiTestingPackage.basicDemoFourXML"/>
</testsuite> <!-- apiTestingPackage.basicDemoFourXML -->
