<?xml version="1.0" encoding="UTF-8"?>
<!-- Generated by org.testng.reporters.JUnitReportReporter -->
<testsuite skipped="0" hostname="LAPTOP-8L1T391C" name="apiTestingPackage.basicsDemoTwo" tests="1" failures="0" timestamp="17 Aug 2019 05:46:24 GMT" time="1.338" errors="0">
  <testcase name="postData" time="1.338" classname="apiTestingPackage.basicsDemoTwo"/>
</testsuite> <!-- apiTestingPackage.basicsDemoTwo -->
